<?xml version="1.0" encoding="UTF-8"?>
<testsuite xmlns:xsi="http://www.w3.org/2001/XMLSchema-instance" xsi:noNamespaceSchemaLocation="https://maven.apache.org/surefire/maven-surefire-plugin/xsd/surefire-test-report.xsd" name="com.hmall.service.impl.HutoolTest" time="0.083" tests="1" errors="0" skipped="0" failures="0">
  <properties>
    <property name="sun.desktop" value="windows"/>
    <property name="awt.toolkit" value="sun.awt.windows.WToolkit"/>
    <property name="java.specification.version" value="11"/>
    <property name="sun.cpu.isalist" value="amd64"/>
    <property name="sun.jnu.encoding" value="GBK"/>
    <property name="java.class.path" value="D:\JavaDemo\cloud-hmall\hm-service\target\test-classes;D:\JavaDemo\cloud-hmall\hm-service\target\classes;D:\JavaDemo\cloud-hmall\hm-common\target\hm-common-1.0.0.jar;E:\maven\maven_repository\org\apache\commons\commons-pool2\2.11.1\commons-pool2-2.11.1.jar;E:\maven\maven_repository\cn\hutool\hutool-all\5.8.11\hutool-all-5.8.11.jar;E:\maven\maven_repository\org\springframework\boot\spring-boot-starter-logging\2.7.12\spring-boot-starter-logging-2.7.12.jar;E:\maven\maven_repository\ch\qos\logback\logback-classic\1.2.12\logback-classic-1.2.12.jar;E:\maven\maven_repository\ch\qos\logback\logback-core\1.2.12\logback-core-1.2.12.jar;E:\maven\maven_repository\org\apache\logging\log4j\log4j-to-slf4j\2.17.2\log4j-to-slf4j-2.17.2.jar;E:\maven\maven_repository\org\apache\logging\log4j\log4j-api\2.17.2\log4j-api-2.17.2.jar;E:\maven\maven_repository\org\slf4j\jul-to-slf4j\1.7.36\jul-to-slf4j-1.7.36.jar;E:\maven\maven_repository\org\hibernate\validator\hibernate-validator\6.2.5.Final\hibernate-validator-6.2.5.Final.jar;E:\maven\maven_repository\jakarta\validation\jakarta.validation-api\2.0.2\jakarta.validation-api-2.0.2.jar;E:\maven\maven_repository\org\jboss\logging\jboss-logging\3.4.3.Final\jboss-logging-3.4.3.Final.jar;E:\maven\maven_repository\com\fasterxml\classmate\1.5.1\classmate-1.5.1.jar;E:\maven\maven_repository\org\springframework\boot\spring-boot-autoconfigure\2.7.12\spring-boot-autoconfigure-2.7.12.jar;E:\maven\maven_repository\org\springframework\boot\spring-boot\2.7.12\spring-boot-2.7.12.jar;E:\maven\maven_repository\com\github\xiaoymin\knife4j-openapi2-spring-boot-starter\4.1.0\knife4j-openapi2-spring-boot-starter-4.1.0.jar;E:\maven\maven_repository\com\github\xiaoymin\knife4j-core\4.1.0\knife4j-core-4.1.0.jar;E:\maven\maven_repository\com\github\xiaoymin\knife4j-openapi2-ui\4.1.0\knife4j-openapi2-ui-4.1.0.jar;E:\maven\maven_repository\org\javassist\javassist\3.25.0-GA\javassist-3.25.0-GA.jar;E:\maven\maven_repository\io\springfox\springfox-swagger2\2.10.5\springfox-swagger2-2.10.5.jar;E:\maven\maven_repository\io\springfox\springfox-spi\2.10.5\springfox-spi-2.10.5.jar;E:\maven\maven_repository\io\springfox\springfox-core\2.10.5\springfox-core-2.10.5.jar;E:\maven\maven_repository\io\springfox\springfox-schema\2.10.5\springfox-schema-2.10.5.jar;E:\maven\maven_repository\io\springfox\springfox-swagger-common\2.10.5\springfox-swagger-common-2.10.5.jar;E:\maven\maven_repository\io\springfox\springfox-spring-web\2.10.5\springfox-spring-web-2.10.5.jar;E:\maven\maven_repository\io\github\classgraph\classgraph\4.1.7\classgraph-4.1.7.jar;E:\maven\maven_repository\org\springframework\plugin\spring-plugin-core\2.0.0.RELEASE\spring-plugin-core-2.0.0.RELEASE.jar;E:\maven\maven_repository\org\springframework\plugin\spring-plugin-metadata\2.0.0.RELEASE\spring-plugin-metadata-2.0.0.RELEASE.jar;E:\maven\maven_repository\org\mapstruct\mapstruct\1.3.1.Final\mapstruct-1.3.1.Final.jar;E:\maven\maven_repository\io\swagger\swagger-models\1.6.6\swagger-models-1.6.6.jar;E:\maven\maven_repository\com\fasterxml\jackson\core\jackson-annotations\2.13.5\jackson-annotations-2.13.5.jar;E:\maven\maven_repository\io\swagger\swagger-annotations\1.6.6\swagger-annotations-1.6.6.jar;E:\maven\maven_repository\io\springfox\springfox-bean-validators\2.10.5\springfox-bean-validators-2.10.5.jar;E:\maven\maven_repository\io\springfox\springfox-spring-webmvc\2.10.5\springfox-spring-webmvc-2.10.5.jar;E:\maven\maven_repository\com\github\ben-manes\caffeine\caffeine\2.9.3\caffeine-2.9.3.jar;E:\maven\maven_repository\org\checkerframework\checker-qual\3.19.0\checker-qual-3.19.0.jar;E:\maven\maven_repository\com\google\errorprone\error_prone_annotations\2.10.0\error_prone_annotations-2.10.0.jar;E:\maven\maven_repository\org\springframework\boot\spring-boot-starter-web\2.7.12\spring-boot-starter-web-2.7.12.jar;E:\maven\maven_repository\org\springframework\boot\spring-boot-starter\2.7.12\spring-boot-starter-2.7.12.jar;E:\maven\maven_repository\jakarta\annotation\jakarta.annotation-api\1.3.5\jakarta.annotation-api-1.3.5.jar;E:\maven\maven_repository\org\yaml\snakeyaml\1.30\snakeyaml-1.30.jar;E:\maven\maven_repository\org\springframework\boot\spring-boot-starter-json\2.7.12\spring-boot-starter-json-2.7.12.jar;E:\maven\maven_repository\com\fasterxml\jackson\core\jackson-databind\2.13.5\jackson-databind-2.13.5.jar;E:\maven\maven_repository\com\fasterxml\jackson\core\jackson-core\2.13.5\jackson-core-2.13.5.jar;E:\maven\maven_repository\com\fasterxml\jackson\datatype\jackson-datatype-jdk8\2.13.5\jackson-datatype-jdk8-2.13.5.jar;E:\maven\maven_repository\com\fasterxml\jackson\datatype\jackson-datatype-jsr310\2.13.5\jackson-datatype-jsr310-2.13.5.jar;E:\maven\maven_repository\com\fasterxml\jackson\module\jackson-module-parameter-names\2.13.5\jackson-module-parameter-names-2.13.5.jar;E:\maven\maven_repository\org\springframework\boot\spring-boot-starter-tomcat\2.7.12\spring-boot-starter-tomcat-2.7.12.jar;E:\maven\maven_repository\org\apache\tomcat\embed\tomcat-embed-core\9.0.75\tomcat-embed-core-9.0.75.jar;E:\maven\maven_repository\org\apache\tomcat\embed\tomcat-embed-el\9.0.75\tomcat-embed-el-9.0.75.jar;E:\maven\maven_repository\org\apache\tomcat\embed\tomcat-embed-websocket\9.0.75\tomcat-embed-websocket-9.0.75.jar;E:\maven\maven_repository\org\springframework\spring-web\5.3.27\spring-web-5.3.27.jar;E:\maven\maven_repository\org\springframework\spring-beans\5.3.27\spring-beans-5.3.27.jar;E:\maven\maven_repository\org\springframework\spring-webmvc\5.3.27\spring-webmvc-5.3.27.jar;E:\maven\maven_repository\org\springframework\spring-aop\5.3.27\spring-aop-5.3.27.jar;E:\maven\maven_repository\org\springframework\spring-context\5.3.27\spring-context-5.3.27.jar;E:\maven\maven_repository\org\springframework\spring-expression\5.3.27\spring-expression-5.3.27.jar;E:\maven\maven_repository\org\springframework\security\spring-security-crypto\5.7.8\spring-security-crypto-5.7.8.jar;E:\maven\maven_repository\org\springframework\security\spring-security-rsa\1.0.9.RELEASE\spring-security-rsa-1.0.9.RELEASE.jar;E:\maven\maven_repository\org\bouncycastle\bcpkix-jdk15on\1.64\bcpkix-jdk15on-1.64.jar;E:\maven\maven_repository\org\bouncycastle\bcprov-jdk15on\1.64\bcprov-jdk15on-1.64.jar;E:\maven\maven_repository\mysql\mysql-connector-java\8.0.23\mysql-connector-java-8.0.23.jar;E:\maven\maven_repository\com\google\protobuf\protobuf-java\3.11.4\protobuf-java-3.11.4.jar;E:\maven\maven_repository\com\baomidou\mybatis-plus-boot-starter\3.4.3\mybatis-plus-boot-starter-3.4.3.jar;E:\maven\maven_repository\com\baomidou\mybatis-plus\3.4.3\mybatis-plus-3.4.3.jar;E:\maven\maven_repository\com\baomidou\mybatis-plus-extension\3.4.3\mybatis-plus-extension-3.4.3.jar;E:\maven\maven_repository\com\baomidou\mybatis-plus-core\3.4.3\mybatis-plus-core-3.4.3.jar;E:\maven\maven_repository\com\baomidou\mybatis-plus-annotation\3.4.3\mybatis-plus-annotation-3.4.3.jar;E:\maven\maven_repository\com\github\jsqlparser\jsqlparser\4.0\jsqlparser-4.0.jar;E:\maven\maven_repository\org\mybatis\mybatis\3.5.7\mybatis-3.5.7.jar;E:\maven\maven_repository\org\mybatis\mybatis-spring\2.0.6\mybatis-spring-2.0.6.jar;E:\maven\maven_repository\org\springframework\boot\spring-boot-starter-jdbc\2.7.12\spring-boot-starter-jdbc-2.7.12.jar;E:\maven\maven_repository\com\zaxxer\HikariCP\4.0.3\HikariCP-4.0.3.jar;E:\maven\maven_repository\org\springframework\spring-jdbc\5.3.27\spring-jdbc-5.3.27.jar;E:\maven\maven_repository\org\springframework\boot\spring-boot-starter-test\2.7.12\spring-boot-starter-test-2.7.12.jar;E:\maven\maven_repository\org\springframework\boot\spring-boot-test\2.7.12\spring-boot-test-2.7.12.jar;E:\maven\maven_repository\org\springframework\boot\spring-boot-test-autoconfigure\2.7.12\spring-boot-test-autoconfigure-2.7.12.jar;E:\maven\maven_repository\com\jayway\jsonpath\json-path\2.7.0\json-path-2.7.0.jar;E:\maven\maven_repository\net\minidev\json-smart\2.4.11\json-smart-2.4.11.jar;E:\maven\maven_repository\net\minidev\accessors-smart\2.4.11\accessors-smart-2.4.11.jar;E:\maven\maven_repository\org\ow2\asm\asm\9.3\asm-9.3.jar;E:\maven\maven_repository\org\slf4j\slf4j-api\1.7.36\slf4j-api-1.7.36.jar;E:\maven\maven_repository\jakarta\xml\bind\jakarta.xml.bind-api\2.3.3\jakarta.xml.bind-api-2.3.3.jar;E:\maven\maven_repository\jakarta\activation\jakarta.activation-api\1.2.2\jakarta.activation-api-1.2.2.jar;E:\maven\maven_repository\org\assertj\assertj-core\3.22.0\assertj-core-3.22.0.jar;E:\maven\maven_repository\org\hamcrest\hamcrest\2.2\hamcrest-2.2.jar;E:\maven\maven_repository\org\junit\jupiter\junit-jupiter\5.8.2\junit-jupiter-5.8.2.jar;E:\maven\maven_repository\org\junit\jupiter\junit-jupiter-api\5.8.2\junit-jupiter-api-5.8.2.jar;E:\maven\maven_repository\org\opentest4j\opentest4j\1.2.0\opentest4j-1.2.0.jar;E:\maven\maven_repository\org\junit\platform\junit-platform-commons\1.8.2\junit-platform-commons-1.8.2.jar;E:\maven\maven_repository\org\apiguardian\apiguardian-api\1.1.2\apiguardian-api-1.1.2.jar;E:\maven\maven_repository\org\junit\jupiter\junit-jupiter-params\5.8.2\junit-jupiter-params-5.8.2.jar;E:\maven\maven_repository\org\junit\jupiter\junit-jupiter-engine\5.8.2\junit-jupiter-engine-5.8.2.jar;E:\maven\maven_repository\org\junit\platform\junit-platform-engine\1.8.2\junit-platform-engine-1.8.2.jar;E:\maven\maven_repository\org\mockito\mockito-core\4.5.1\mockito-core-4.5.1.jar;E:\maven\maven_repository\net\bytebuddy\byte-buddy\1.12.23\byte-buddy-1.12.23.jar;E:\maven\maven_repository\net\bytebuddy\byte-buddy-agent\1.12.23\byte-buddy-agent-1.12.23.jar;E:\maven\maven_repository\org\objenesis\objenesis\3.2\objenesis-3.2.jar;E:\maven\maven_repository\org\mockito\mockito-junit-jupiter\4.5.1\mockito-junit-jupiter-4.5.1.jar;E:\maven\maven_repository\org\skyscreamer\jsonassert\1.5.1\jsonassert-1.5.1.jar;E:\maven\maven_repository\com\vaadin\external\google\android-json\0.0.20131108.vaadin1\android-json-0.0.20131108.vaadin1.jar;E:\maven\maven_repository\org\springframework\spring-core\5.3.27\spring-core-5.3.27.jar;E:\maven\maven_repository\org\springframework\spring-jcl\5.3.27\spring-jcl-5.3.27.jar;E:\maven\maven_repository\org\springframework\spring-test\5.3.27\spring-test-5.3.27.jar;E:\maven\maven_repository\org\xmlunit\xmlunit-core\2.9.1\xmlunit-core-2.9.1.jar;E:\maven\maven_repository\org\springframework\boot\spring-boot-starter-data-redis\2.7.12\spring-boot-starter-data-redis-2.7.12.jar;E:\maven\maven_repository\org\springframework\data\spring-data-redis\2.7.12\spring-data-redis-2.7.12.jar;E:\maven\maven_repository\org\springframework\data\spring-data-keyvalue\2.7.12\spring-data-keyvalue-2.7.12.jar;E:\maven\maven_repository\org\springframework\data\spring-data-commons\2.7.12\spring-data-commons-2.7.12.jar;E:\maven\maven_repository\org\springframework\spring-tx\5.3.27\spring-tx-5.3.27.jar;E:\maven\maven_repository\org\springframework\spring-oxm\5.3.27\spring-oxm-5.3.27.jar;E:\maven\maven_repository\org\springframework\spring-context-support\5.3.27\spring-context-support-5.3.27.jar;E:\maven\maven_repository\io\lettuce\lettuce-core\6.1.10.RELEASE\lettuce-core-6.1.10.RELEASE.jar;E:\maven\maven_repository\io\netty\netty-common\4.1.92.Final\netty-common-4.1.92.Final.jar;E:\maven\maven_repository\io\netty\netty-handler\4.1.92.Final\netty-handler-4.1.92.Final.jar;E:\maven\maven_repository\io\netty\netty-resolver\4.1.92.Final\netty-resolver-4.1.92.Final.jar;E:\maven\maven_repository\io\netty\netty-buffer\4.1.92.Final\netty-buffer-4.1.92.Final.jar;E:\maven\maven_repository\io\netty\netty-transport-native-unix-common\4.1.92.Final\netty-transport-native-unix-common-4.1.92.Final.jar;E:\maven\maven_repository\io\netty\netty-codec\4.1.92.Final\netty-codec-4.1.92.Final.jar;E:\maven\maven_repository\io\netty\netty-transport\4.1.92.Final\netty-transport-4.1.92.Final.jar;E:\maven\maven_repository\io\projectreactor\reactor-core\3.4.29\reactor-core-3.4.29.jar;E:\maven\maven_repository\org\reactivestreams\reactive-streams\1.0.4\reactive-streams-1.0.4.jar;E:\maven\maven_repository\org\projectlombok\lombok\1.18.20\lombok-1.18.20.jar;"/>
    <property name="java.vm.vendor" value="Amazon.com Inc."/>
    <property name="sun.arch.data.model" value="64"/>
    <property name="user.variant" value=""/>
    <property name="java.vendor.url" value="https://aws.amazon.com/corretto/"/>
    <property name="user.timezone" value="Asia/Singapore"/>
    <property name="java.vm.specification.version" value="11"/>
    <property name="os.name" value="Windows 11"/>
    <property name="sun.java.launcher" value="SUN_STANDARD"/>
    <property name="user.country" value="CN"/>
    <property name="sun.boot.library.path" value="D:\Software\JDK11\bin"/>
    <property name="sun.java.command" value="C:\Users\iCalyee\AppData\Local\Temp\surefire8324929589424397879\surefirebooter7198876762705230139.jar C:\Users\iCalyee\AppData\Local\Temp\surefire8324929589424397879 2023-11-15T18-32-23_197-jvmRun1 surefire11614393976480911998tmp surefire_017045026093139210620tmp"/>
    <property name="jdk.debug" value="release"/>
    <property name="surefire.test.class.path" value="D:\JavaDemo\cloud-hmall\hm-service\target\test-classes;D:\JavaDemo\cloud-hmall\hm-service\target\classes;D:\JavaDemo\cloud-hmall\hm-common\target\hm-common-1.0.0.jar;E:\maven\maven_repository\org\apache\commons\commons-pool2\2.11.1\commons-pool2-2.11.1.jar;E:\maven\maven_repository\cn\hutool\hutool-all\5.8.11\hutool-all-5.8.11.jar;E:\maven\maven_repository\org\springframework\boot\spring-boot-starter-logging\2.7.12\spring-boot-starter-logging-2.7.12.jar;E:\maven\maven_repository\ch\qos\logback\logback-classic\1.2.12\logback-classic-1.2.12.jar;E:\maven\maven_repository\ch\qos\logback\logback-core\1.2.12\logback-core-1.2.12.jar;E:\maven\maven_repository\org\apache\logging\log4j\log4j-to-slf4j\2.17.2\log4j-to-slf4j-2.17.2.jar;E:\maven\maven_repository\org\apache\logging\log4j\log4j-api\2.17.2\log4j-api-2.17.2.jar;E:\maven\maven_repository\org\slf4j\jul-to-slf4j\1.7.36\jul-to-slf4j-1.7.36.jar;E:\maven\maven_repository\org\hibernate\validator\hibernate-validator\6.2.5.Final\hibernate-validator-6.2.5.Final.jar;E:\maven\maven_repository\jakarta\validation\jakarta.validation-api\2.0.2\jakarta.validation-api-2.0.2.jar;E:\maven\maven_repository\org\jboss\logging\jboss-logging\3.4.3.Final\jboss-logging-3.4.3.Final.jar;E:\maven\maven_repository\com\fasterxml\classmate\1.5.1\classmate-1.5.1.jar;E:\maven\maven_repository\org\springframework\boot\spring-boot-autoconfigure\2.7.12\spring-boot-autoconfigure-2.7.12.jar;E:\maven\maven_repository\org\springframework\boot\spring-boot\2.7.12\spring-boot-2.7.12.jar;E:\maven\maven_repository\com\github\xiaoymin\knife4j-openapi2-spring-boot-starter\4.1.0\knife4j-openapi2-spring-boot-starter-4.1.0.jar;E:\maven\maven_repository\com\github\xiaoymin\knife4j-core\4.1.0\knife4j-core-4.1.0.jar;E:\maven\maven_repository\com\github\xiaoymin\knife4j-openapi2-ui\4.1.0\knife4j-openapi2-ui-4.1.0.jar;E:\maven\maven_repository\org\javassist\javassist\3.25.0-GA\javassist-3.25.0-GA.jar;E:\maven\maven_repository\io\springfox\springfox-swagger2\2.10.5\springfox-swagger2-2.10.5.jar;E:\maven\maven_repository\io\springfox\springfox-spi\2.10.5\springfox-spi-2.10.5.jar;E:\maven\maven_repository\io\springfox\springfox-core\2.10.5\springfox-core-2.10.5.jar;E:\maven\maven_repository\io\springfox\springfox-schema\2.10.5\springfox-schema-2.10.5.jar;E:\maven\maven_repository\io\springfox\springfox-swagger-common\2.10.5\springfox-swagger-common-2.10.5.jar;E:\maven\maven_repository\io\springfox\springfox-spring-web\2.10.5\springfox-spring-web-2.10.5.jar;E:\maven\maven_repository\io\github\classgraph\classgraph\4.1.7\classgraph-4.1.7.jar;E:\maven\maven_repository\org\springframework\plugin\spring-plugin-core\2.0.0.RELEASE\spring-plugin-core-2.0.0.RELEASE.jar;E:\maven\maven_repository\org\springframework\plugin\spring-plugin-metadata\2.0.0.RELEASE\spring-plugin-metadata-2.0.0.RELEASE.jar;E:\maven\maven_repository\org\mapstruct\mapstruct\1.3.1.Final\mapstruct-1.3.1.Final.jar;E:\maven\maven_repository\io\swagger\swagger-models\1.6.6\swagger-models-1.6.6.jar;E:\maven\maven_repository\com\fasterxml\jackson\core\jackson-annotations\2.13.5\jackson-annotations-2.13.5.jar;E:\maven\maven_repository\io\swagger\swagger-annotations\1.6.6\swagger-annotations-1.6.6.jar;E:\maven\maven_repository\io\springfox\springfox-bean-validators\2.10.5\springfox-bean-validators-2.10.5.jar;E:\maven\maven_repository\io\springfox\springfox-spring-webmvc\2.10.5\springfox-spring-webmvc-2.10.5.jar;E:\maven\maven_repository\com\github\ben-manes\caffeine\caffeine\2.9.3\caffeine-2.9.3.jar;E:\maven\maven_repository\org\checkerframework\checker-qual\3.19.0\checker-qual-3.19.0.jar;E:\maven\maven_repository\com\google\errorprone\error_prone_annotations\2.10.0\error_prone_annotations-2.10.0.jar;E:\maven\maven_repository\org\springframework\boot\spring-boot-starter-web\2.7.12\spring-boot-starter-web-2.7.12.jar;E:\maven\maven_repository\org\springframework\boot\spring-boot-starter\2.7.12\spring-boot-starter-2.7.12.jar;E:\maven\maven_repository\jakarta\annotation\jakarta.annotation-api\1.3.5\jakarta.annotation-api-1.3.5.jar;E:\maven\maven_repository\org\yaml\snakeyaml\1.30\snakeyaml-1.30.jar;E:\maven\maven_repository\org\springframework\boot\spring-boot-starter-json\2.7.12\spring-boot-starter-json-2.7.12.jar;E:\maven\maven_repository\com\fasterxml\jackson\core\jackson-databind\2.13.5\jackson-databind-2.13.5.jar;E:\maven\maven_repository\com\fasterxml\jackson\core\jackson-core\2.13.5\jackson-core-2.13.5.jar;E:\maven\maven_repository\com\fasterxml\jackson\datatype\jackson-datatype-jdk8\2.13.5\jackson-datatype-jdk8-2.13.5.jar;E:\maven\maven_repository\com\fasterxml\jackson\datatype\jackson-datatype-jsr310\2.13.5\jackson-datatype-jsr310-2.13.5.jar;E:\maven\maven_repository\com\fasterxml\jackson\module\jackson-module-parameter-names\2.13.5\jackson-module-parameter-names-2.13.5.jar;E:\maven\maven_repository\org\springframework\boot\spring-boot-starter-tomcat\2.7.12\spring-boot-starter-tomcat-2.7.12.jar;E:\maven\maven_repository\org\apache\tomcat\embed\tomcat-embed-core\9.0.75\tomcat-embed-core-9.0.75.jar;E:\maven\maven_repository\org\apache\tomcat\embed\tomcat-embed-el\9.0.75\tomcat-embed-el-9.0.75.jar;E:\maven\maven_repository\org\apache\tomcat\embed\tomcat-embed-websocket\9.0.75\tomcat-embed-websocket-9.0.75.jar;E:\maven\maven_repository\org\springframework\spring-web\5.3.27\spring-web-5.3.27.jar;E:\maven\maven_repository\org\springframework\spring-beans\5.3.27\spring-beans-5.3.27.jar;E:\maven\maven_repository\org\springframework\spring-webmvc\5.3.27\spring-webmvc-5.3.27.jar;E:\maven\maven_repository\org\springframework\spring-aop\5.3.27\spring-aop-5.3.27.jar;E:\maven\maven_repository\org\springframework\spring-context\5.3.27\spring-context-5.3.27.jar;E:\maven\maven_repository\org\springframework\spring-expression\5.3.27\spring-expression-5.3.27.jar;E:\maven\maven_repository\org\springframework\security\spring-security-crypto\5.7.8\spring-security-crypto-5.7.8.jar;E:\maven\maven_repository\org\springframework\security\spring-security-rsa\1.0.9.RELEASE\spring-security-rsa-1.0.9.RELEASE.jar;E:\maven\maven_repository\org\bouncycastle\bcpkix-jdk15on\1.64\bcpkix-jdk15on-1.64.jar;E:\maven\maven_repository\org\bouncycastle\bcprov-jdk15on\1.64\bcprov-jdk15on-1.64.jar;E:\maven\maven_repository\mysql\mysql-connector-java\8.0.23\mysql-connector-java-8.0.23.jar;E:\maven\maven_repository\com\google\protobuf\protobuf-java\3.11.4\protobuf-java-3.11.4.jar;E:\maven\maven_repository\com\baomidou\mybatis-plus-boot-starter\3.4.3\mybatis-plus-boot-starter-3.4.3.jar;E:\maven\maven_repository\com\baomidou\mybatis-plus\3.4.3\mybatis-plus-3.4.3.jar;E:\maven\maven_repository\com\baomidou\mybatis-plus-extension\3.4.3\mybatis-plus-extension-3.4.3.jar;E:\maven\maven_repository\com\baomidou\mybatis-plus-core\3.4.3\mybatis-plus-core-3.4.3.jar;E:\maven\maven_repository\com\baomidou\mybatis-plus-annotation\3.4.3\mybatis-plus-annotation-3.4.3.jar;E:\maven\maven_repository\com\github\jsqlparser\jsqlparser\4.0\jsqlparser-4.0.jar;E:\maven\maven_repository\org\mybatis\mybatis\3.5.7\mybatis-3.5.7.jar;E:\maven\maven_repository\org\mybatis\mybatis-spring\2.0.6\mybatis-spring-2.0.6.jar;E:\maven\maven_repository\org\springframework\boot\spring-boot-starter-jdbc\2.7.12\spring-boot-starter-jdbc-2.7.12.jar;E:\maven\maven_repository\com\zaxxer\HikariCP\4.0.3\HikariCP-4.0.3.jar;E:\maven\maven_repository\org\springframework\spring-jdbc\5.3.27\spring-jdbc-5.3.27.jar;E:\maven\maven_repository\org\springframework\boot\spring-boot-starter-test\2.7.12\spring-boot-starter-test-2.7.12.jar;E:\maven\maven_repository\org\springframework\boot\spring-boot-test\2.7.12\spring-boot-test-2.7.12.jar;E:\maven\maven_repository\org\springframework\boot\spring-boot-test-autoconfigure\2.7.12\spring-boot-test-autoconfigure-2.7.12.jar;E:\maven\maven_repository\com\jayway\jsonpath\json-path\2.7.0\json-path-2.7.0.jar;E:\maven\maven_repository\net\minidev\json-smart\2.4.11\json-smart-2.4.11.jar;E:\maven\maven_repository\net\minidev\accessors-smart\2.4.11\accessors-smart-2.4.11.jar;E:\maven\maven_repository\org\ow2\asm\asm\9.3\asm-9.3.jar;E:\maven\maven_repository\org\slf4j\slf4j-api\1.7.36\slf4j-api-1.7.36.jar;E:\maven\maven_repository\jakarta\xml\bind\jakarta.xml.bind-api\2.3.3\jakarta.xml.bind-api-2.3.3.jar;E:\maven\maven_repository\jakarta\activation\jakarta.activation-api\1.2.2\jakarta.activation-api-1.2.2.jar;E:\maven\maven_repository\org\assertj\assertj-core\3.22.0\assertj-core-3.22.0.jar;E:\maven\maven_repository\org\hamcrest\hamcrest\2.2\hamcrest-2.2.jar;E:\maven\maven_repository\org\junit\jupiter\junit-jupiter\5.8.2\junit-jupiter-5.8.2.jar;E:\maven\maven_repository\org\junit\jupiter\junit-jupiter-api\5.8.2\junit-jupiter-api-5.8.2.jar;E:\maven\maven_repository\org\opentest4j\opentest4j\1.2.0\opentest4j-1.2.0.jar;E:\maven\maven_repository\org\junit\platform\junit-platform-commons\1.8.2\junit-platform-commons-1.8.2.jar;E:\maven\maven_repository\org\apiguardian\apiguardian-api\1.1.2\apiguardian-api-1.1.2.jar;E:\maven\maven_repository\org\junit\jupiter\junit-jupiter-params\5.8.2\junit-jupiter-params-5.8.2.jar;E:\maven\maven_repository\org\junit\jupiter\junit-jupiter-engine\5.8.2\junit-jupiter-engine-5.8.2.jar;E:\maven\maven_repository\org\junit\platform\junit-platform-engine\1.8.2\junit-platform-engine-1.8.2.jar;E:\maven\maven_repository\org\mockito\mockito-core\4.5.1\mockito-core-4.5.1.jar;E:\maven\maven_repository\net\bytebuddy\byte-buddy\1.12.23\byte-buddy-1.12.23.jar;E:\maven\maven_repository\net\bytebuddy\byte-buddy-agent\1.12.23\byte-buddy-agent-1.12.23.jar;E:\maven\maven_repository\org\objenesis\objenesis\3.2\objenesis-3.2.jar;E:\maven\maven_repository\org\mockito\mockito-junit-jupiter\4.5.1\mockito-junit-jupiter-4.5.1.jar;E:\maven\maven_repository\org\skyscreamer\jsonassert\1.5.1\jsonassert-1.5.1.jar;E:\maven\maven_repository\com\vaadin\external\google\android-json\0.0.20131108.vaadin1\android-json-0.0.20131108.vaadin1.jar;E:\maven\maven_repository\org\springframework\spring-core\5.3.27\spring-core-5.3.27.jar;E:\maven\maven_repository\org\springframework\spring-jcl\5.3.27\spring-jcl-5.3.27.jar;E:\maven\maven_repository\org\springframework\spring-test\5.3.27\spring-test-5.3.27.jar;E:\maven\maven_repository\org\xmlunit\xmlunit-core\2.9.1\xmlunit-core-2.9.1.jar;E:\maven\maven_repository\org\springframework\boot\spring-boot-starter-data-redis\2.7.12\spring-boot-starter-data-redis-2.7.12.jar;E:\maven\maven_repository\org\springframework\data\spring-data-redis\2.7.12\spring-data-redis-2.7.12.jar;E:\maven\maven_repository\org\springframework\data\spring-data-keyvalue\2.7.12\spring-data-keyvalue-2.7.12.jar;E:\maven\maven_repository\org\springframework\data\spring-data-commons\2.7.12\spring-data-commons-2.7.12.jar;E:\maven\maven_repository\org\springframework\spring-tx\5.3.27\spring-tx-5.3.27.jar;E:\maven\maven_repository\org\springframework\spring-oxm\5.3.27\spring-oxm-5.3.27.jar;E:\maven\maven_repository\org\springframework\spring-context-support\5.3.27\spring-context-support-5.3.27.jar;E:\maven\maven_repository\io\lettuce\lettuce-core\6.1.10.RELEASE\lettuce-core-6.1.10.RELEASE.jar;E:\maven\maven_repository\io\netty\netty-common\4.1.92.Final\netty-common-4.1.92.Final.jar;E:\maven\maven_repository\io\netty\netty-handler\4.1.92.Final\netty-handler-4.1.92.Final.jar;E:\maven\maven_repository\io\netty\netty-resolver\4.1.92.Final\netty-resolver-4.1.92.Final.jar;E:\maven\maven_repository\io\netty\netty-buffer\4.1.92.Final\netty-buffer-4.1.92.Final.jar;E:\maven\maven_repository\io\netty\netty-transport-native-unix-common\4.1.92.Final\netty-transport-native-unix-common-4.1.92.Final.jar;E:\maven\maven_repository\io\netty\netty-codec\4.1.92.Final\netty-codec-4.1.92.Final.jar;E:\maven\maven_repository\io\netty\netty-transport\4.1.92.Final\netty-transport-4.1.92.Final.jar;E:\maven\maven_repository\io\projectreactor\reactor-core\3.4.29\reactor-core-3.4.29.jar;E:\maven\maven_repository\org\reactivestreams\reactive-streams\1.0.4\reactive-streams-1.0.4.jar;E:\maven\maven_repository\org\projectlombok\lombok\1.18.20\lombok-1.18.20.jar;"/>
    <property name="sun.cpu.endian" value="little"/>
    <property name="user.home" value="C:\Users\iCalyee"/>
    <property name="user.language" value="zh"/>
    <property name="java.specification.vendor" value="Oracle Corporation"/>
    <property name="java.version.date" value="2023-10-17"/>
    <property name="java.home" value="D:\Software\JDK11"/>
    <property name="file.separator" value="\"/>
    <property name="basedir" value="D:\JavaDemo\cloud-hmall\hm-service"/>
    <property name="java.vm.compressedOopsMode" value="Zero based"/>
    <property name="line.separator" value="&#10;"/>
    <property name="java.specification.name" value="Java Platform API Specification"/>
    <property name="java.vm.specification.vendor" value="Oracle Corporation"/>
    <property name="java.awt.graphicsenv" value="sun.awt.Win32GraphicsEnvironment"/>
    <property name="surefire.real.class.path" value="C:\Users\iCalyee\AppData\Local\Temp\surefire8324929589424397879\surefirebooter7198876762705230139.jar"/>
    <property name="user.script" value=""/>
    <property name="sun.management.compiler" value="HotSpot 64-Bit Tiered Compilers"/>
    <property name="java.runtime.version" value="11.0.21+9-LTS"/>
    <property name="user.name" value="iCalyee"/>
    <property name="path.separator" value=";"/>
    <property name="os.version" value="10.0"/>
    <property name="java.runtime.name" value="OpenJDK Runtime Environment"/>
    <property name="file.encoding" value="GBK"/>
    <property name="java.vm.name" value="OpenJDK 64-Bit Server VM"/>
    <property name="java.vendor.version" value="Corretto-11.0.21.9.1"/>
    <property name="localRepository" value="E:\maven\maven_repository"/>
    <property name="java.vendor.url.bug" value="https://github.com/corretto/corretto-11/issues/"/>
    <property name="java.io.tmpdir" value="C:\Users\iCalyee\AppData\Local\Temp\"/>
    <property name="idea.version" value="2023.1"/>
    <property name="java.version" value="11.0.21"/>
    <property name="user.dir" value="D:\JavaDemo\cloud-hmall\hm-service"/>
    <property name="os.arch" value="amd64"/>
    <property name="java.vm.specification.name" value="Java Virtual Machine Specification"/>
    <property name="java.awt.printerjob" value="sun.awt.windows.WPrinterJob"/>
    <property name="sun.os.patch.level" value=""/>
    <property name="java.library.path" value="D:\Software\JDK11\bin;C:\WINDOWS\Sun\Java\bin;C:\WINDOWS\system32;C:\WINDOWS;E:\Vmware\bin\;C:\Windows\system32;C:\Windows;C:\Windows\System32\Wbem;C:\Windows\System32\WindowsPowerShell\v1.0\;C:\Windows\System32\OpenSSH\;C:\Program Files (x86)\NVIDIA Corporation\PhysX\Common;C:\Program Files\NVIDIA Corporation\NVIDIA NvDLISR;C:\WINDOWS\system32;C:\WINDOWS;C:\WINDOWS\System32\Wbem;C:\WINDOWS\System32\WindowsPowerShell\v1.0\;C:\WINDOWS\System32\OpenSSH\;D:\Software\git\Git\cmd;D:\Software\NodeJs\;D:\Software\JDK8\bin;C:\Program Files\dotnet\;C:\Program Files\MySQL\MySQL Server 8.0\bin;D:\Software\Xshell\;D:\Software\Xftp\;C:\Program Files\Microsoft VS Code\bin;C:\Program Files\Docker\Docker\resources\bin;C:\Program Files\MySQL\MySQL Shell 8.0\bin\;C:\Users\iCalyee\AppData\Local\Microsoft\WindowsApps;C:\Users\iCalyee\AppData\Roaming\npm;E:\Idea\IntelliJ IDEA 2022.1\bin;;."/>
    <property name="java.vm.info" value="mixed mode"/>
    <property name="java.vendor" value="Amazon.com Inc."/>
    <property name="java.vm.version" value="11.0.21+9-LTS"/>
    <property name="java.specification.maintenance.version" value="2"/>
    <property name="sun.io.unicode.encoding" value="UnicodeLittle"/>
    <property name="maven.repo.local" value="E:\maven\maven_repository"/>
    <property name="java.class.version" value="55.0"/>
  </properties>
  <testcase name="name" classname="com.hmall.service.impl.HutoolTest" time="0.081"/>
</testsuite>